2024-03-01 17:14:42,187 : INFO : root : test_pageTitle_001 : 15 : Started testcase
2024-03-01 17:14:42,187 : INFO : root : test_pageTitle_001 : 16 : Opening browser
2024-03-01 17:14:42,187 : INFO : root : test_pageTitle_001 : 17 : title of page is 'Credkart'
2024-03-01 17:14:42,187 : INFO : root : test_pageTitle_001 : 19 : taking screenshot
2024-03-01 17:14:44,180 : INFO : root : test_pageTitle_001 : 22 : Testcase is passed
2024-03-01 17:14:44,180 : INFO : root : test_pageTitle_001 : 31 : Testcase is completed
2024-03-01 18:18:23,201 : INFO : Test_credKart_Login : test_pageTitle_001 : 15 : Started testcase
2024-03-01 18:18:23,201 : INFO : Test_credKart_Login : test_pageTitle_001 : 16 : Opening browser
2024-03-01 18:18:23,201 : INFO : Test_credKart_Login : test_pageTitle_001 : 17 : title of page is 'Credkart'
2024-03-01 18:18:23,210 : INFO : Test_credKart_Login : test_pageTitle_001 : 19 : taking screenshot
2024-03-01 18:18:24,843 : INFO : Test_credKart_Login : test_pageTitle_001 : 22 : Testcase is passed
2024-03-01 18:18:24,843 : INFO : Test_credKart_Login : test_pageTitle_001 : 31 : Testcase is completed
2024-03-01 21:54:26,127 : CRITICAL : Test_credKart_Login : test_pageTitle_001 : 16 : This is warning
2024-03-01 21:54:26,127 : WARNING : Test_credKart_Login : test_pageTitle_001 : 17 : This is warning
2024-03-01 21:54:26,127 : ERROR : Test_credKart_Login : test_pageTitle_001 : 18 : This is error
2024-03-01 21:54:26,127 : ERROR : Test_credKart_Login : test_pageTitle_001 : 19 : This is exception
NoneType: None
2024-03-01 21:54:26,127 : INFO : Test_credKart_Login : test_pageTitle_001 : 20 : Started testcase
2024-03-01 21:54:26,127 : INFO : Test_credKart_Login : test_pageTitle_001 : 21 : Opening browser
2024-03-01 21:54:26,127 : INFO : Test_credKart_Login : test_pageTitle_001 : 22 : title of page is 'Credkart'
2024-03-01 21:54:26,127 : INFO : Test_credKart_Login : test_pageTitle_001 : 24 : taking screenshot
2024-03-01 21:54:27,493 : INFO : Test_credKart_Login : test_pageTitle_001 : 27 : Testcase is passed
2024-03-01 21:54:27,493 : INFO : Test_credKart_Login : test_pageTitle_001 : 36 : Testcase is completed
2024-03-01 21:57:47,614 : CRITICAL : Test_credKart_Login : test_pageTitle_001 : 16 : This is warning
2024-03-01 21:57:47,615 : WARNING : Test_credKart_Login : test_pageTitle_001 : 17 : This is warning
2024-03-01 21:57:47,615 : ERROR : Test_credKart_Login : test_pageTitle_001 : 18 : This is error

2024-03-01 22:00:15,915 : DEBUG : Test_credKart_Login : test_pageTitle_001 : 15 : This is debug
2024-03-01 22:00:15,915 : CRITICAL : Test_credKart_Login : test_pageTitle_001 : 16 : This is warning
2024-03-01 22:00:15,915 : WARNING : Test_credKart_Login : test_pageTitle_001 : 17 : This is warning
2024-03-01 22:00:15,915 : ERROR : Test_credKart_Login : test_pageTitle_001 : 18 : This is error
2024-03-01 22:00:15,915 : INFO : Test_credKart_Login : test_pageTitle_001 : 19 : This is info
2024-03-06 15:44:33,426 : DEBUG : Test_credKart_Login : test_pageTitle_001 : 15 : This is debug
2024-03-06 15:44:33,426 : CRITICAL : Test_credKart_Login : test_pageTitle_001 : 16 : This is warning
2024-03-06 15:44:33,428 : WARNING : Test_credKart_Login : test_pageTitle_001 : 17 : This is warning
2024-03-06 15:44:33,428 : ERROR : Test_credKart_Login : test_pageTitle_001 : 18 : This is error
2024-03-06 15:44:33,428 : INFO : Test_credKart_Login : test_pageTitle_001 : 19 : This is info
